<!DOCTYPE html PUBLIC "-//W3C//DTD XHTML 1.1//EN" "https://www.w3.org/TR/xhtml11/DTD/xhtml11.dtd">
<html xmlns="https://www.w3.org/1999/xhtml">
<head>
<meta http-equiv="content-type" content="text/html; charset=UTF-8"/>
<title>TestNG Report</title>
<style type="text/css">table {margin-bottom:10px;border-collapse:collapse;empty-cells:show}th,td {border:1px solid #009;padding:.25em .5em}th {vertical-align:bottom}td {vertical-align:top}table a {font-weight:bold}.stripe td {background-color: #E6EBF9}.num {text-align:right}.passedodd td {background-color: #3F3}.passedeven td {background-color: #0A0}.skippedodd td {background-color: #DDD}.skippedeven td {background-color: #CCC}.failedodd td,.attn {background-color: #F33}.failedeven td,.stripe .attn {background-color: #D00}.stacktrace {white-space:pre;font-family:monospace}.totop {font-size:85%;text-align:center;border-bottom:2px solid #000}.invisible {display:none}</style>
</head>
<body>
<table>
<tr><th>Test</th><th># Passed</th><th># Skipped</th><th># Retried</th><th># Failed</th><th>Time (ms)</th><th>Included Groups</th><th>Excluded Groups</th></tr>
<tr><th colspan="8">Hotel Room API Suite</th></tr>
<tr><td><a href="#t0">RoomService Tests</a></td><td class="num">16</td><td class="num">0</td><td class="num">0</td><td class="num attn">3</td><td class="num">8,247</td><td></td><td></td></tr>
</table>
<table id='summary'><thead><tr><th>Class</th><th>Method</th><th>Start</th><th>Time (ms)</th></tr></thead><tbody><tr><th colspan="4">Hotel Room API Suite</th></tr></tbody><tbody id="t0"><tr><th colspan="4">RoomService Tests &#8212; failed</th></tr><tr class="failedeven"><td rowspan="1">tests.AddRoomTest</td><td><a href="#m0">testAddRoomsFromJson</a></td><td rowspan="1">1755103774316</td><td rowspan="1">1004</td></tr><tr class="failedodd"><td rowspan="1">tests.ViewRoomByIdTest</td><td><a href="#m1">testViewRoomByIdFromJson</a></td><td rowspan="1">1755103772601</td><td rowspan="1">185</td></tr><tr class="failedeven"><td rowspan="1">tests.ViewRoomByTypeTest</td><td><a href="#m2">testViewRoomsByTypeFromJson</a></td><td rowspan="1">1755103773562</td><td rowspan="1">193</td></tr><tr><th colspan="4">RoomService Tests &#8212; passed</th></tr><tr class="passedeven"><td rowspan="2">tests.AddRoomTest</td><td><a href="#m3">testAddRoom</a></td><td rowspan="1">1755103773768</td><td rowspan="1">370</td></tr><tr class="passedeven"><td><a href="#m4">testAddRoomUsingPOJO</a></td><td rowspan="1">1755103774142</td><td rowspan="1">172</td></tr><tr class="passedodd"><td rowspan="1">tests.AuthTests</td><td><a href="#m5">testGetAuthAndToken</a></td><td rowspan="1">1755103768661</td><td rowspan="1">2614</td></tr><tr class="passedeven"><td rowspan="2">tests.DeleteRoomTest</td><td><a href="#m6">testDeleteRoomById</a></td><td rowspan="1">1755103776121</td><td rowspan="1">147</td></tr><tr class="passedeven"><td><a href="#m7">testDeleteRoomsFromJson</a></td><td rowspan="1">1755103776274</td><td rowspan="1">595</td></tr><tr class="passedodd"><td rowspan="2">tests.UpdateRoomPriceTest</td><td><a href="#m8">testUpdateRoomPrice</a></td><td rowspan="1">1755103775328</td><td rowspan="1">172</td></tr><tr class="passedodd"><td><a href="#m9">testUpdateRoomPricesFromJson</a></td><td rowspan="1">1755103775505</td><td rowspan="1">612</td></tr><tr class="passedeven"><td rowspan="4">tests.ViewRoomByIdTest</td><td><a href="#m10">testViewRoomById</a></td><td rowspan="1">1755103771606</td><td rowspan="1">179</td></tr><tr class="passedeven"><td><a href="#m11">testViewRoomByIdFromJson</a></td><td rowspan="3">1755103772198</td><td rowspan="3">188</td></tr><tr class="passedeven"><td><a href="#m12">testViewRoomByIdFromJson</a></td></tr><tr class="passedeven"><td><a href="#m13">testViewRoomByIdFromJson</a></td></tr><tr class="passedodd"><td rowspan="4">tests.ViewRoomByTypeTest</td><td><a href="#m14">testViewRoomByType</a></td><td rowspan="1">1755103772809</td><td rowspan="1">200</td></tr><tr class="passedodd"><td><a href="#m15">testViewRoomsByTypeFromJson</a></td><td rowspan="3">1755103773385</td><td rowspan="3">173</td></tr><tr class="passedodd"><td><a href="#m16">testViewRoomsByTypeFromJson</a></td></tr><tr class="passedodd"><td><a href="#m17">testViewRoomsByTypeFromJson</a></td></tr><tr class="passedeven"><td rowspan="1">tests.ViewRoomListTest</td><td><a href="#m18">testViewRoomList</a></td><td rowspan="1">1755103771289</td><td rowspan="1">306</td></tr></tbody>
</table>
<h2>RoomService Tests</h2><h3 id="m0">tests.AddRoomTest#testAddRoomsFromJson</h3><table class="result"><tr><th>Exception</th></tr><tr><td><div class="stacktrace">java.lang.AssertionError: 1 expectation failed.
Expected status code &lt;200&gt; but was &lt;400&gt;.

	at org.codehaus.groovy.runtime.callsite.ConstructorSite$ConstructorSiteNoUnwrapNoCoerce.callConstructor(ConstructorSite.java:105)
	at org.codehaus.groovy.runtime.callsite.AbstractCallSite.callConstructor(AbstractCallSite.java:277)
	at io.restassured.internal.ResponseSpecificationImpl$HamcrestAssertionClosure.validate(ResponseSpecificationImpl.groovy:499)
	at io.restassured.internal.ResponseSpecificationImpl$HamcrestAssertionClosure$validate$1.call(Unknown Source)
	at io.restassured.internal.ResponseSpecificationImpl.validateResponseIfRequired(ResponseSpecificationImpl.groovy:684)
	at org.codehaus.groovy.runtime.callsite.PlainObjectMetaMethodSite.doInvoke(PlainObjectMetaMethodSite.java:43)
	at org.codehaus.groovy.runtime.callsite.PogoMetaMethodSite$PogoCachedMethodSiteNoUnwrapNoCoerce.invoke(PogoMetaMethodSite.java:193)
	at org.codehaus.groovy.runtime.callsite.PogoMetaMethodSite.callCurrent(PogoMetaMethodSite.java:61)
	at org.codehaus.groovy.runtime.callsite.AbstractCallSite.callCurrent(AbstractCallSite.java:185)
	at io.restassured.internal.ResponseSpecificationImpl.statusCode(ResponseSpecificationImpl.groovy:127)
	at io.restassured.specification.ResponseSpecification$statusCode$0.callCurrent(Unknown Source)
	at io.restassured.internal.ResponseSpecificationImpl.statusCode(ResponseSpecificationImpl.groovy:135)
	at io.restassured.internal.ValidatableResponseOptionsImpl.statusCode(ValidatableResponseOptionsImpl.java:89)
	at io.restassured.internal.ValidatableResponseImpl.super$2$statusCode(ValidatableResponseImpl.groovy)
	at groovy.lang.MetaMethod.doMethodInvoke(MetaMethod.java:323)
	at groovy.lang.MetaClassImpl.invokeMethod(MetaClassImpl.java:1268)
	at org.codehaus.groovy.runtime.ScriptBytecodeAdapter.invokeMethodOnSuperN(ScriptBytecodeAdapter.java:144)
	at io.restassured.internal.ValidatableResponseImpl.statusCode(ValidatableResponseImpl.groovy:142)
	at io.restassured.internal.ValidatableResponseImpl.statusCode(ValidatableResponseImpl.groovy)
	at tests.AddRoomTest.testAddRoomsFromJson(AddRoomTest.java:89)
	at java.base/java.util.ArrayList.forEach(ArrayList.java:1596)
... Removed 34 stack frames</div></td></tr></table><p class="totop"><a href="#summary">back to summary</a></p>
<h3 id="m1">tests.ViewRoomByIdTest#testViewRoomByIdFromJson</h3><table class="result"><tr class="param"><th>Parameter #1</th></tr><tr class="param stripe"><td>702</td></tr><tr><th>Exception</th></tr><tr><td><div class="stacktrace">java.lang.IllegalStateException: Expected response body to be verified as JSON, HTML or XML but no content-type was defined in the response.
Try registering a default parser using:
   RestAssured.defaultParser(&lt;parser type&gt;);
Content was:


	at org.codehaus.groovy.runtime.callsite.ConstructorSite$ConstructorSiteNoUnwrap.callConstructor(ConstructorSite.java:84)
	at org.codehaus.groovy.runtime.callsite.CallSiteArray.defaultCallConstructor(CallSiteArray.java:59)
	at org.codehaus.groovy.runtime.callsite.AbstractCallSite.callConstructor(AbstractCallSite.java:263)
	at org.codehaus.groovy.runtime.callsite.AbstractCallSite.callConstructor(AbstractCallSite.java:277)
	at io.restassured.assertion.StreamVerifier.newAssertion(StreamVerifier.groovy:43)
	at io.restassured.assertion.StreamVerifier$newAssertion.call(Unknown Source)
	at io.restassured.assertion.BodyMatcher.validate(BodyMatcher.groovy:85)
	at io.restassured.assertion.BodyMatcher$validate$0.call(Unknown Source)
	at org.codehaus.groovy.runtime.callsite.CallSiteArray.defaultCall(CallSiteArray.java:47)
	at io.restassured.assertion.BodyMatcher$validate$0.call(Unknown Source)
	at io.restassured.assertion.BodyMatcherGroup$_validate_closure2.doCall(BodyMatcherGroup.groovy:47)
	at groovy.lang.MetaMethod.doMethodInvoke(MetaMethod.java:323)
	at org.codehaus.groovy.runtime.metaclass.ClosureMetaClass.invokeMethod(ClosureMetaClass.java:274)
	at groovy.lang.MetaClassImpl.invokeMethod(MetaClassImpl.java:1035)
	at groovy.lang.Closure.call(Closure.java:412)
	at groovy.lang.Closure.call(Closure.java:428)
	at org.codehaus.groovy.runtime.DefaultGroovyMethods.collect(DefaultGroovyMethods.java:3602)
	at org.codehaus.groovy.runtime.DefaultGroovyMethods.collect(DefaultGroovyMethods.java:3587)
	at org.codehaus.groovy.runtime.DefaultGroovyMethods.collect(DefaultGroovyMethods.java:3687)
	at org.codehaus.groovy.runtime.dgm$101.invoke(Unknown Source)
	at org.codehaus.groovy.runtime.callsite.PojoMetaMethodSite$PojoMetaMethodSiteNoUnwrapNoCoerce.invoke(PojoMetaMethodSite.java:247)
	at org.codehaus.groovy.runtime.callsite.PojoMetaMethodSite.call(PojoMetaMethodSite.java:56)
	at org.codehaus.groovy.runtime.callsite.AbstractCallSite.call(AbstractCallSite.java:139)
	at io.restassured.assertion.BodyMatcherGroup.validate(BodyMatcherGroup.groovy:47)
	at io.restassured.assertion.BodyMatcherGroup$validate$3.call(Unknown Source)
	at org.codehaus.groovy.runtime.callsite.CallSiteArray.defaultCall(CallSiteArray.java:47)
	at io.restassured.assertion.BodyMatcherGroup$validate$3.call(Unknown Source)
	at io.restassured.internal.ResponseSpecificationImpl$HamcrestAssertionClosure.validate(ResponseSpecificationImpl.groovy:486)
	at io.restassured.internal.ResponseSpecificationImpl$HamcrestAssertionClosure$validate$1.call(Unknown Source)
	at io.restassured.internal.ResponseSpecificationImpl.validateResponseIfRequired(ResponseSpecificationImpl.groovy:684)
	at org.codehaus.groovy.runtime.callsite.PlainObjectMetaMethodSite.doInvoke(PlainObjectMetaMethodSite.java:43)
	at org.codehaus.groovy.runtime.callsite.PogoMetaMethodSite$PogoCachedMethodSiteNoUnwrapNoCoerce.invoke(PogoMetaMethodSite.java:193)
	at org.codehaus.groovy.runtime.callsite.PogoMetaMethodSite.callCurrent(PogoMetaMethodSite.java:61)
	at org.codehaus.groovy.runtime.callsite.AbstractCallSite.callCurrent(AbstractCallSite.java:185)
	at io.restassured.internal.ResponseSpecificationImpl.body(ResponseSpecificationImpl.groovy:262)
	at io.restassured.specification.ResponseSpecification$body$1.callCurrent(Unknown Source)
	at org.codehaus.groovy.runtime.callsite.CallSiteArray.defaultCallCurrent(CallSiteArray.java:51)
	at io.restassured.specification.ResponseSpecification$body$1.callCurrent(Unknown Source)
	at io.restassured.internal.ResponseSpecificationImpl.body(ResponseSpecificationImpl.groovy:109)
	at io.restassured.internal.ValidatableResponseOptionsImpl.body(ValidatableResponseOptionsImpl.java:244)
	at io.restassured.internal.ValidatableResponseImpl.super$2$body(ValidatableResponseImpl.groovy)
	at groovy.lang.MetaMethod.doMethodInvoke(MetaMethod.java:323)
	at groovy.lang.MetaClassImpl.invokeMethod(MetaClassImpl.java:1268)
	at org.codehaus.groovy.runtime.ScriptBytecodeAdapter.invokeMethodOnSuperN(ScriptBytecodeAdapter.java:144)
	at io.restassured.internal.ValidatableResponseImpl.body(ValidatableResponseImpl.groovy:298)
	at io.restassured.internal.ValidatableResponseImpl.body(ValidatableResponseImpl.groovy)
	at tests.ViewRoomByIdTest.testViewRoomByIdFromJson(ViewRoomByIdTest.java:50)
	at java.base/java.util.ArrayList.forEach(ArrayList.java:1596)
... Removed 38 stack frames</div></td></tr></table><p class="totop"><a href="#summary">back to summary</a></p>
<h3 id="m2">tests.ViewRoomByTypeTest#testViewRoomsByTypeFromJson</h3><table class="result"><tr class="param"><th>Parameter #1</th></tr><tr class="param stripe"><td>abcd</td></tr><tr><th>Exception</th></tr><tr><td><div class="stacktrace">java.lang.AssertionError: 1 expectation failed.
JSON path size() doesn&apos;t match.
Expected: a value greater than &lt;0&gt;
  Actual: &lt;0&gt;

	at org.codehaus.groovy.runtime.callsite.ConstructorSite$ConstructorSiteNoUnwrapNoCoerce.callConstructor(ConstructorSite.java:105)
	at org.codehaus.groovy.runtime.callsite.CallSiteArray.defaultCallConstructor(CallSiteArray.java:59)
	at org.codehaus.groovy.runtime.callsite.AbstractCallSite.callConstructor(AbstractCallSite.java:263)
	at org.codehaus.groovy.runtime.callsite.AbstractCallSite.callConstructor(AbstractCallSite.java:277)
	at io.restassured.internal.ResponseSpecificationImpl$HamcrestAssertionClosure.validate(ResponseSpecificationImpl.groovy:499)
	at io.restassured.internal.ResponseSpecificationImpl$HamcrestAssertionClosure$validate$1.call(Unknown Source)
	at io.restassured.internal.ResponseSpecificationImpl.validateResponseIfRequired(ResponseSpecificationImpl.groovy:684)
	at org.codehaus.groovy.runtime.callsite.PlainObjectMetaMethodSite.doInvoke(PlainObjectMetaMethodSite.java:43)
	at org.codehaus.groovy.runtime.callsite.PogoMetaMethodSite$PogoCachedMethodSiteNoUnwrapNoCoerce.invoke(PogoMetaMethodSite.java:193)
	at org.codehaus.groovy.runtime.callsite.PogoMetaMethodSite.callCurrent(PogoMetaMethodSite.java:61)
	at org.codehaus.groovy.runtime.callsite.AbstractCallSite.callCurrent(AbstractCallSite.java:185)
	at io.restassured.internal.ResponseSpecificationImpl.body(ResponseSpecificationImpl.groovy:262)
	at io.restassured.specification.ResponseSpecification$body$1.callCurrent(Unknown Source)
	at org.codehaus.groovy.runtime.callsite.CallSiteArray.defaultCallCurrent(CallSiteArray.java:51)
	at io.restassured.specification.ResponseSpecification$body$1.callCurrent(Unknown Source)
	at io.restassured.internal.ResponseSpecificationImpl.body(ResponseSpecificationImpl.groovy:109)
	at io.restassured.internal.ValidatableResponseOptionsImpl.body(ValidatableResponseOptionsImpl.java:244)
	at io.restassured.internal.ValidatableResponseImpl.super$2$body(ValidatableResponseImpl.groovy)
	at groovy.lang.MetaMethod.doMethodInvoke(MetaMethod.java:323)
	at groovy.lang.MetaClassImpl.invokeMethod(MetaClassImpl.java:1268)
	at org.codehaus.groovy.runtime.ScriptBytecodeAdapter.invokeMethodOnSuperN(ScriptBytecodeAdapter.java:144)
	at io.restassured.internal.ValidatableResponseImpl.body(ValidatableResponseImpl.groovy:298)
	at io.restassured.internal.ValidatableResponseImpl.body(ValidatableResponseImpl.groovy)
	at tests.ViewRoomByTypeTest.testViewRoomsByTypeFromJson(ViewRoomByTypeTest.java:56)
	at java.base/java.util.ArrayList.forEach(ArrayList.java:1596)
... Removed 34 stack frames</div></td></tr></table><p class="totop"><a href="#summary">back to summary</a></p>
<h3 id="m3">tests.AddRoomTest#testAddRoom</h3><table class="result"><tr><th class="invisible"/></tr></table><p class="totop"><a href="#summary">back to summary</a></p>
<h3 id="m4">tests.AddRoomTest#testAddRoomUsingPOJO</h3><table class="result"><tr><th class="invisible"/></tr></table><p class="totop"><a href="#summary">back to summary</a></p>
<h3 id="m5">tests.AuthTests#testGetAuthAndToken</h3><table class="result"><tr><th class="invisible"/></tr></table><p class="totop"><a href="#summary">back to summary</a></p>
<h3 id="m6">tests.DeleteRoomTest#testDeleteRoomById</h3><table class="result"><tr><th class="invisible"/></tr></table><p class="totop"><a href="#summary">back to summary</a></p>
<h3 id="m7">tests.DeleteRoomTest#testDeleteRoomsFromJson</h3><table class="result"><tr><th class="invisible"/></tr></table><p class="totop"><a href="#summary">back to summary</a></p>
<h3 id="m8">tests.UpdateRoomPriceTest#testUpdateRoomPrice</h3><table class="result"><tr><th class="invisible"/></tr></table><p class="totop"><a href="#summary">back to summary</a></p>
<h3 id="m9">tests.UpdateRoomPriceTest#testUpdateRoomPricesFromJson</h3><table class="result"><tr><th class="invisible"/></tr></table><p class="totop"><a href="#summary">back to summary</a></p>
<h3 id="m10">tests.ViewRoomByIdTest#testViewRoomById</h3><table class="result"><tr><th class="invisible"/></tr></table><p class="totop"><a href="#summary">back to summary</a></p>
<h3 id="m11">tests.ViewRoomByIdTest#testViewRoomByIdFromJson</h3><table class="result"><tr class="param"><th>Parameter #1</th></tr><tr class="param stripe"><td>301</td></tr></table><p class="totop"><a href="#summary">back to summary</a></p>
<h3 id="m12">tests.ViewRoomByIdTest#testViewRoomByIdFromJson</h3><table class="result"><tr class="param"><th>Parameter #1</th></tr><tr class="param stripe"><td>701</td></tr></table><p class="totop"><a href="#summary">back to summary</a></p>
<h3 id="m13">tests.ViewRoomByIdTest#testViewRoomByIdFromJson</h3><table class="result"><tr class="param"><th>Parameter #1</th></tr><tr class="param stripe"><td>101</td></tr></table><p class="totop"><a href="#summary">back to summary</a></p>
<h3 id="m14">tests.ViewRoomByTypeTest#testViewRoomByType</h3><table class="result"><tr><th class="invisible"/></tr></table><p class="totop"><a href="#summary">back to summary</a></p>
<h3 id="m15">tests.ViewRoomByTypeTest#testViewRoomsByTypeFromJson</h3><table class="result"><tr class="param"><th>Parameter #1</th></tr><tr class="param stripe"><td>DOUBLE</td></tr></table><p class="totop"><a href="#summary">back to summary</a></p>
<h3 id="m16">tests.ViewRoomByTypeTest#testViewRoomsByTypeFromJson</h3><table class="result"><tr class="param"><th>Parameter #1</th></tr><tr class="param stripe"><td>DELUXE</td></tr></table><p class="totop"><a href="#summary">back to summary</a></p>
<h3 id="m17">tests.ViewRoomByTypeTest#testViewRoomsByTypeFromJson</h3><table class="result"><tr class="param"><th>Parameter #1</th></tr><tr class="param stripe"><td>SINGLE</td></tr></table><p class="totop"><a href="#summary">back to summary</a></p>
<h3 id="m18">tests.ViewRoomListTest#testViewRoomList</h3><table class="result"><tr><th class="invisible"/></tr></table><p class="totop"><a href="#summary">back to summary</a></p>
</body>
</html>
